2020-03-19 19:49:20,443 INFO [1] Server.Providers.Logger.LogMessage - Checking existing User data.
2020-03-19 19:49:21,783 INFO [1] Server.Providers.Logger.LogMessage - Checking existing User data.
2020-03-19 19:49:21,815 INFO [1] Server.Providers.Logger.LogMessage - Checking existing User data.
2020-03-19 19:49:25,222 INFO [7] Server.Providers.Logger.LogMessage - Login User executed succesfuly.
2020-03-19 19:49:25,268 INFO [7] Server.Providers.Logger.LogMessage - Get All appointments executed succesfuly.
2020-03-19 19:49:28,467 INFO [5] Server.Providers.Logger.LogMessage - Get Doctors executed succesfuly.
2020-03-19 19:49:28,473 INFO [6] Server.Providers.Logger.LogMessage - Get Patients executed succesfuly.
2020-03-19 19:49:33,106 INFO [5] Server.Providers.Logger.LogMessage - Add Appointment command.
2020-03-19 19:49:33,110 ERROR [6] Server.Providers.Logger.LogMessage - Add Appointment command (Appointment info not valid) not done.
2020-03-19 19:49:41,437 INFO [5] Server.Providers.Logger.LogMessage - Add Appointment command.
2020-03-19 19:49:41,439 ERROR [6] Server.Providers.Logger.LogMessage - Add Appointment command (Appointment info not valid) not done.
2020-03-19 19:49:46,974 INFO [5] Server.Providers.Logger.LogMessage - Add Appointment command.
2020-03-19 19:49:47,079 INFO [6] Server.Providers.Logger.LogMessage - Add appointment executed succesfuly.
2020-03-19 19:49:47,082 INFO [5] Server.Providers.Logger.LogMessage - Add Appointment command done.
2020-03-19 19:49:47,084 INFO [6] Server.Providers.Logger.LogMessage - Get last appointment executed succesfuly.
2020-03-19 19:49:47,089 INFO [5] Server.Providers.Logger.LogMessage - Get All appointments executed succesfuly.
2020-03-19 19:49:52,257 INFO [5] Server.Providers.Logger.LogMessage - Undo operation.
2020-03-19 19:50:06,769 INFO [5] Server.Providers.Logger.LogMessage - Delete appointment executed succesfuly.
2020-03-19 19:50:10,105 INFO [5] Server.Providers.Logger.LogMessage - Add Appointment command undo done.
2020-03-19 19:50:11,454 INFO [5] Server.Providers.Logger.LogMessage - Get All appointments executed succesfuly.
2020-03-19 19:51:37,569 INFO [1] Server.Providers.Logger.LogMessage - Checking existing User data.
2020-03-19 19:51:38,763 INFO [1] Server.Providers.Logger.LogMessage - Checking existing User data.
2020-03-19 19:51:38,799 INFO [1] Server.Providers.Logger.LogMessage - Checking existing User data.
2020-03-19 19:51:43,823 INFO [6] Server.Providers.Logger.LogMessage - Login User executed succesfuly.
2020-03-19 19:51:43,855 INFO [6] Server.Providers.Logger.LogMessage - Get All appointments executed succesfuly.
2020-03-19 19:51:54,927 INFO [6] Server.Providers.Logger.LogMessage - Get Doctors executed succesfuly.
2020-03-19 19:51:54,933 INFO [3] Server.Providers.Logger.LogMessage - Get Patients executed succesfuly.
2020-03-19 19:52:03,938 INFO [5] Server.Providers.Logger.LogMessage - Add Appointment command.
2020-03-19 19:52:03,995 INFO [6] Server.Providers.Logger.LogMessage - Add appointment executed succesfuly.
2020-03-19 19:52:03,998 INFO [3] Server.Providers.Logger.LogMessage - Add Appointment command done.
2020-03-19 19:52:04,000 INFO [6] Server.Providers.Logger.LogMessage - Get last appointment executed succesfuly.
2020-03-19 19:52:04,005 INFO [3] Server.Providers.Logger.LogMessage - Get All appointments executed succesfuly.
